<?xml version="1.0" encoding="UTF-8"?>
<testsuite xmlns:xsi="http://www.w3.org/2001/XMLSchema-instance" xsi:noNamespaceSchemaLocation="https://maven.apache.org/surefire/maven-surefire-plugin/xsd/surefire-test-report-3.0.xsd" version="3.0" name="test.KupujemProdajemTests" time="43.414" tests="2" errors="0" skipped="0" failures="0">
  <properties>
[...]
</properties>
  <testcase name="scenario1" classname="test.KupujemProdajemTests" time="21.884">
    <system-out><![CDATA[Screenshot saved: screenshot_20240617-040041.png
]]></system-out>
    <system-err><![CDATA[SLF4J: Failed to load class "org.slf4j.impl.StaticLoggerBinder".
SLF4J: Defaulting to no-operation (NOP) logger implementation
SLF4J: See http://www.slf4j.org/codes.html#StaticLoggerBinder for further details.
1718589621315	geckodriver	INFO	Listening on 127.0.0.1:56423
1718589621500	mozrunner::runner	INFO	Running command: "C:\\Program Files\\Mozilla Firefox\\firefox.exe" "--marionette" "-no-remote" "-profile" "C:\\Users\\TOLEMA~1\\AppData\\Local\\Temp\\rust_mozprofileGjCVs8"
console.warn: services.settings: Ignoring preference override of remote settings server
console.warn: services.settings: Allow by setting MOZ_REMOTE_SETTINGS_DEVTOOLS=1 in the environment
1718589621868	Marionette	INFO	Marionette enabled
Dynamically enable window occlusion 0
1718589622235	Marionette	INFO	Listening on port 56310
Read port: 56310
1718589622398	RemoteAgent	WARN	TLS certificate errors will be ignored for this session
јун 17, 2024 4:00:23 AM org.openqa.selenium.remote.ProtocolHandshake createSession
INFO: Detected dialect: W3C
JavaScript error: https://s0.2mdn.net/sadbundle/17724110666193059267/index.html?ev=01_251, line 302: TypeError: studio.Enabler is undefined
JavaScript warning: https://pagead2.googlesyndication.com/bg/EwGoFmJh85jiKfF-1zVyLpKT-mfRa9zDiFbQBwafAqI.js line 2 > eval line 5625 > eval line 1 > eval line 1 > eval, line 1: WEBGL_debug_renderer_info is deprecated in Firefox and will be removed. Please use RENDERER.
JavaScript warning: https://pagead2.googlesyndication.com/bg/EwGoFmJh85jiKfF-1zVyLpKT-mfRa9zDiFbQBwafAqI.js line 2 > eval line 1148 > eval line 1 > eval line 1 > eval, line 1: WEBGL_debug_renderer_info is deprecated in Firefox and will be removed. Please use RENDERER.
JavaScript warning: https://pagead2.googlesyndication.com/bg/EwGoFmJh85jiKfF-1zVyLpKT-mfRa9zDiFbQBwafAqI.js line 2 > eval line 1832 > eval line 1 > eval line 1 > eval, line 1: WEBGL_debug_renderer_info is deprecated in Firefox and will be removed. Please use RENDERER.
JavaScript error: , line 0: TypeError: NetworkError when attempting to fetch resource.
JavaScript error: , line 0: TypeError: NetworkError when attempting to fetch resource.
JavaScript error: https://www.kupujemprodajem.com/_next/static/chunks/3808.1e8c72ff6abb200d.js, line 1: Error: Error: ResizeObserver loop completed with undelivered notifications. - : 0 - https://www.kupujemprodajem.com/_next/static/chunks/3808.1e8c72ff6abb200d.js: 1
JavaScript error: https://www.kupujemprodajem.com/_next/static/chunks/3808.1e8c72ff6abb200d.js, line 1: Error: ResizeObserver loop completed with undelivered notifications. - : 0
JavaScript error: https://www.kupujemprodajem.com/_next/static/chunks/3808.1e8c72ff6abb200d.js, line 1: Error: Error: ResizeObserver loop completed with undelivered notifications. - : 0 - https://www.kupujemprodajem.com/_next/static/chunks/3808.1e8c72ff6abb200d.js: 1
JavaScript error: https://www.kupujemprodajem.com/_next/static/chunks/3808.1e8c72ff6abb200d.js, line 1: Error: ResizeObserver loop completed with undelivered notifications. - : 0
JavaScript warning: https://pagead2.googlesyndication.com/bg/EwGoFmJh85jiKfF-1zVyLpKT-mfRa9zDiFbQBwafAqI.js line 2 > eval line 6374 > eval line 1 > eval line 1 > eval, line 1: WEBGL_debug_renderer_info is deprecated in Firefox and will be removed. Please use RENDERER.
JavaScript warning: https://pagead2.googlesyndication.com/bg/EwGoFmJh85jiKfF-1zVyLpKT-mfRa9zDiFbQBwafAqI.js line 2 > eval line 6529 > eval line 1 > eval line 1 > eval, line 1: WEBGL_debug_renderer_info is deprecated in Firefox and will be removed. Please use RENDERER.
]]></system-err>
  </testcase>
  <testcase name="scenario2" classname="test.KupujemProdajemTests" time="21.486">
    <system-out><![CDATA[Screenshot saved: screenshot_20240617-040103.png
]]></system-out>
    <system-err><![CDATA[1718589642378	geckodriver	INFO	Listening on 127.0.0.1:42344
1718589642392	mozrunner::runner	INFO	Running command: "C:\\Program Files\\Mozilla Firefox\\firefox.exe" "--marionette" "-no-remote" "-profile" "C:\\Users\\TOLEMA~1\\AppData\\Local\\Temp\\rust_mozprofileZGnCIF"
console.warn: services.settings: Ignoring preference override of remote settings server
console.warn: services.settings: Allow by setting MOZ_REMOTE_SETTINGS_DEVTOOLS=1 in the environment
1718589642683	Marionette	INFO	Marionette enabled
Dynamically enable window occlusion 0
1718589642804	Marionette	INFO	Listening on port 56452
Read port: 56452
1718589642993	RemoteAgent	WARN	TLS certificate errors will be ignored for this session
јун 17, 2024 4:00:44 AM org.openqa.selenium.remote.ProtocolHandshake createSession
INFO: Detected dialect: W3C
JavaScript warning: https://pagead2.googlesyndication.com/bg/EwGoFmJh85jiKfF-1zVyLpKT-mfRa9zDiFbQBwafAqI.js line 2 > eval line 2610 > eval line 1 > eval line 1 > eval, line 1: WEBGL_debug_renderer_info is deprecated in Firefox and will be removed. Please use RENDERER.
JavaScript warning: https://pagead2.googlesyndication.com/bg/EwGoFmJh85jiKfF-1zVyLpKT-mfRa9zDiFbQBwafAqI.js line 2 > eval line 7434 > eval line 1 > eval line 1 > eval, line 1: WEBGL_debug_renderer_info is deprecated in Firefox and will be removed. Please use RENDERER.
JavaScript warning: https://pagead2.googlesyndication.com/bg/EwGoFmJh85jiKfF-1zVyLpKT-mfRa9zDiFbQBwafAqI.js line 2 > eval line 7431 > eval line 1 > eval line 1 > eval, line 1: WEBGL_debug_renderer_info is deprecated in Firefox and will be removed. Please use RENDERER.
1718589652028	addons.xpi	ERROR	System addon update list error SyntaxError: XMLHttpRequest.open: 'http://%(server)s/dummy-system-addons.xml' is not a valid URL.
JavaScript error: , line 0: TypeError: NetworkError when attempting to fetch resource.
JavaScript error: , line 0: TypeError: NetworkError when attempting to fetch resource.
]]></system-err>
  </testcase>
</testsuite>