<?xml version="1.0" encoding="UTF-8"?>
<testsuite xmlns:xsi="http://www.w3.org/2001/XMLSchema-instance" xsi:noNamespaceSchemaLocation="https://maven.apache.org/surefire/maven-surefire-plugin/xsd/surefire-test-report-3.0.xsd" version="3.0" name="test.KupujemProdajemTests" time="41.095" tests="2" errors="1" skipped="0" failures="0">
  <properties>
[...]
</properties>
  <testcase name="scenario1" classname="test.KupujemProdajemTests" time="20.736">
    <system-out><![CDATA[Screenshot saved: screenshot_20240617-023532.png
]]></system-out>
    <system-err><![CDATA[SLF4J: Failed to load class "org.slf4j.impl.StaticLoggerBinder".
SLF4J: Defaulting to no-operation (NOP) logger implementation
SLF4J: See http://www.slf4j.org/codes.html#StaticLoggerBinder for further details.
1718584512875	geckodriver	INFO	Listening on 127.0.0.1:22802
1718584513030	mozrunner::runner	INFO	Running command: "C:\\Program Files\\Mozilla Firefox\\firefox.exe" "--marionette" "-no-remote" "-profile" "C:\\Users\\TOLEMA~1\\AppData\\Local\\Temp\\rust_mozprofileQQ63ot"
console.warn: services.settings: Ignoring preference override of remote settings server
console.warn: services.settings: Allow by setting MOZ_REMOTE_SETTINGS_DEVTOOLS=1 in the environment
1718584513376	Marionette	INFO	Marionette enabled
Dynamically enable window occlusion 0
1718584513715	Marionette	INFO	Listening on port 53390
Read port: 53390
1718584513882	RemoteAgent	WARN	TLS certificate errors will be ignored for this session
јун 17, 2024 2:35:14 AM org.openqa.selenium.remote.ProtocolHandshake createSession
INFO: Detected dialect: W3C
JavaScript warning: https://pagead2.googlesyndication.com/bg/EwGoFmJh85jiKfF-1zVyLpKT-mfRa9zDiFbQBwafAqI.js line 2 > eval line 656 > eval line 1 > eval line 1 > eval, line 1: WEBGL_debug_renderer_info is deprecated in Firefox and will be removed. Please use RENDERER.
JavaScript warning: https://pagead2.googlesyndication.com/bg/EwGoFmJh85jiKfF-1zVyLpKT-mfRa9zDiFbQBwafAqI.js line 2 > eval line 1767 > eval line 1 > eval line 1 > eval, line 1: WEBGL_debug_renderer_info is deprecated in Firefox and will be removed. Please use RENDERER.
JavaScript error: https://s0.2mdn.net/sadbundle/448878091107985468/index.html?ev=01_251, line 302: TypeError: studio.Enabler is undefined
JavaScript warning: https://pagead2.googlesyndication.com/bg/EwGoFmJh85jiKfF-1zVyLpKT-mfRa9zDiFbQBwafAqI.js line 2 > eval line 3945 > eval line 1 > eval line 1 > eval, line 1: WEBGL_debug_renderer_info is deprecated in Firefox and will be removed. Please use RENDERER.
JavaScript error: , line 0: TypeError: NetworkError when attempting to fetch resource.
JavaScript error: , line 0: TypeError: NetworkError when attempting to fetch resource.
JavaScript warning: https://pagead2.googlesyndication.com/bg/EwGoFmJh85jiKfF-1zVyLpKT-mfRa9zDiFbQBwafAqI.js line 2 > eval line 3882 > eval line 1 > eval line 1 > eval, line 1: WEBGL_debug_renderer_info is deprecated in Firefox and will be removed. Please use RENDERER.
]]></system-err>
  </testcase>
  <testcase name="scenario2" classname="test.KupujemProdajemTests" time="20.359">
    <error message="Expected condition failed: waiting for element to be clickable: By.xpath: //button[@aria-label=&apos;Dodaj u adresar&apos;] (tried for 10 second(s) with 500 milliseconds interval)" type="org.openqa.selenium.TimeoutException"><![CDATA[org.openqa.selenium.TimeoutException: Expected condition failed: waiting for element to be clickable: By.xpath: //button[@aria-label='Dodaj u adresar'] (tried for 10 second(s) with 500 milliseconds interval)
	at test.KupujemProdajemTests.scenario2(KupujemProdajemTests.java:142)
Caused by: org.openqa.selenium.NoSuchElementException: 
Unable to locate element: //button[@aria-label='Dodaj u adresar']
For documentation on this error, please visit: https://www.seleniumhq.org/exceptions/no_such_element.html
Build info: version: '3.141.59', revision: 'e82be7d358', time: '2018-11-14T08:17:03'
System info: host: 'КОМПЈУТОР', ip: '192.168.100.3', os.name: 'Windows 11', os.arch: 'amd64', os.version: '10.0', java.version: '22.0.1'
Driver info: org.openqa.selenium.firefox.FirefoxDriver
Capabilities {acceptInsecureCerts: true, browserName: firefox, browserVersion: 127.0, javascriptEnabled: true, moz:accessibilityChecks: false, moz:buildID: 20240606181944, moz:geckodriverVersion: 0.34.0, moz:headless: false, moz:platformVersion: 10.0, moz:processID: 25992, moz:profile: C:\Users\TOLEMA~1\AppData\L..., moz:shutdownTimeout: 60000, moz:webdriverClick: true, moz:windowless: false, pageLoadStrategy: normal, platform: WINDOWS, platformName: WINDOWS, proxy: Proxy(), setWindowRect: true, strictFileInteractability: false, timeouts: {implicit: 0, pageLoad: 300000, script: 30000}, unhandledPromptBehavior: dismiss and notify, userAgent: Mozilla/5.0 (Windows NT 10....}
Session ID: b5b61093-cc47-4c75-b17a-131a75cef5e5
*** Element info: {Using=xpath, value=//button[@aria-label='Dodaj u adresar']}
	at test.KupujemProdajemTests.scenario2(KupujemProdajemTests.java:142)
]]></error>
    <system-out><![CDATA[Screenshot saved: screenshot_20240617-023552.png
]]></system-out>
    <system-err><![CDATA[1718584532609	geckodriver	INFO	Listening on 127.0.0.1:51463
1718584532624	mozrunner::runner	INFO	Running command: "C:\\Program Files\\Mozilla Firefox\\firefox.exe" "--marionette" "-no-remote" "-profile" "C:\\Users\\TOLEMA~1\\AppData\\Local\\Temp\\rust_mozprofileRV7Uex"
console.warn: services.settings: Ignoring preference override of remote settings server
console.warn: services.settings: Allow by setting MOZ_REMOTE_SETTINGS_DEVTOOLS=1 in the environment
1718584532902	Marionette	INFO	Marionette enabled
Dynamically enable window occlusion 0
1718584533037	Marionette	INFO	Listening on port 53506
Read port: 53506
1718584533207	RemoteAgent	WARN	TLS certificate errors will be ignored for this session
јун 17, 2024 2:35:34 AM org.openqa.selenium.remote.ProtocolHandshake createSession
INFO: Detected dialect: W3C
JavaScript warning: https://pagead2.googlesyndication.com/bg/EwGoFmJh85jiKfF-1zVyLpKT-mfRa9zDiFbQBwafAqI.js line 2 > eval line 769 > eval line 1 > eval line 1 > eval, line 1: WEBGL_debug_renderer_info is deprecated in Firefox and will be removed. Please use RENDERER.
JavaScript warning: https://pagead2.googlesyndication.com/bg/EwGoFmJh85jiKfF-1zVyLpKT-mfRa9zDiFbQBwafAqI.js line 2 > eval line 4385 > eval line 1 > eval line 1 > eval, line 1: WEBGL_debug_renderer_info is deprecated in Firefox and will be removed. Please use RENDERER.
JavaScript warning: https://pagead2.googlesyndication.com/bg/EwGoFmJh85jiKfF-1zVyLpKT-mfRa9zDiFbQBwafAqI.js line 2 > eval line 4307 > eval line 1 > eval line 1 > eval, line 1: WEBGL_debug_renderer_info is deprecated in Firefox and will be removed. Please use RENDERER.
JavaScript error: , line 0: TypeError: NetworkError when attempting to fetch resource.
JavaScript error: , line 0: TypeError: NetworkError when attempting to fetch resource.
1718584546042	addons.xpi	ERROR	System addon update list error SyntaxError: XMLHttpRequest.open: 'http://%(server)s/dummy-system-addons.xml' is not a valid URL.
]]></system-err>
  </testcase>
</testsuite>